# JRE version: Java(TM) SE Runtime Environment (8.0_77-b03) (build 1.8.0_77-b03)
# Java VM: Java HotSpot(TM) 64-Bit Server VM (25.77-b03 mixed mode windows-amd64 compressed oops)
Heap:
 PSYoungGen      total 260608K, used 75309K [0x00000000eab00000, 0x0000000100000000, 0x0000000100000000)
  eden space 189440K, 6% used [0x00000000eab00000,0x00000000eb7de278,0x00000000f6400000)
  from space 71168K, 87% used [0x00000000fba80000,0x00000000ff72d4f0,0x0000000100000000)
  to   space 79872K, 0% used [0x00000000f6400000,0x00000000f6400000,0x00000000fb200000)
 ParOldGen       total 116224K, used 64552K [0x00000000c0000000, 0x00000000c7180000, 0x00000000eab00000)
  object space 116224K, 55% used [0x00000000c0000000,0x00000000c3f0a288,0x00000000c7180000)
 Metaspace       used 6571K, capacity 7568K, committed 7936K, reserved 1056768K
  class space    used 611K, capacity 648K, committed 768K, reserved 1048576K
GC Heap History (10 events):
Event: 12.158 GC heap before
{Heap before GC invocations=5 (full 1):
 PSYoungGen      total 138240K, used 5112K [0x00000000eab00000, 0x00000000f3700000, 0x0000000100000000)
  eden space 133120K, 0% used [0x00000000eab00000,0x00000000eab00000,0x00000000f2d00000)
  from space 5120K, 99% used [0x00000000f3200000,0x00000000f36fe060,0x00000000f3700000)
  to   space 5120K, 0% used [0x00000000f2d00000,0x00000000f2d00000,0x00000000f3200000)
 ParOldGen       total 87552K, used 59972K [0x00000000c0000000, 0x00000000c5580000, 0x00000000eab00000)
  object space 87552K, 68% used [0x00000000c0000000,0x00000000c3a91208,0x00000000c5580000)
 Metaspace       used 5966K, capacity 7024K, committed 7296K, reserved 1056768K
  class space    used 586K, capacity 616K, committed 640K, reserved 1048576K
Event: 17.198 GC heap after
Heap after GC invocations=5 (full 1):
 PSYoungGen      total 138240K, used 0K [0x00000000eab00000, 0x00000000f3700000, 0x0000000100000000)
  eden space 133120K, 0% used [0x00000000eab00000,0x00000000eab00000,0x00000000f2d00000)
  from space 5120K, 0% used [0x00000000f3200000,0x00000000f3200000,0x00000000f3700000)
  to   space 5120K, 0% used [0x00000000f2d00000,0x00000000f2d00000,0x00000000f3200000)
 ParOldGen       total 116224K, used 24642K [0x00000000c0000000, 0x00000000c7180000, 0x00000000eab00000)
  object space 116224K, 21% used [0x00000000c0000000,0x00000000c1810b98,0x00000000c7180000)
 Metaspace       used 5966K, capacity 7024K, committed 7296K, reserved 1056768K
  class space    used 586K, capacity 616K, committed 640K, reserved 1048576K
}
Event: 25.423 GC heap before
{Heap before GC invocations=6 (full 1):
 PSYoungGen      total 138240K, used 133120K [0x00000000eab00000, 0x00000000f3700000, 0x0000000100000000)
  eden space 133120K, 100% used [0x00000000eab00000,0x00000000f2d00000,0x00000000f2d00000)
  from space 5120K, 0% used [0x00000000f3200000,0x00000000f3200000,0x00000000f3700000)
  to   space 5120K, 0% used [0x00000000f2d00000,0x00000000f2d00000,0x00000000f3200000)
 ParOldGen       total 116224K, used 24642K [0x00000000c0000000, 0x00000000c7180000, 0x00000000eab00000)
  object space 116224K, 21% used [0x00000000c0000000,0x00000000c1810b98,0x00000000c7180000)
 Metaspace       used 6044K, capacity 7088K, committed 7296K, reserved 1056768K
  class space    used 589K, capacity 616K, committed 640K, reserved 1048576K
Event: 25.764 GC heap after
Heap after GC invocations=6 (full 1):
 PSYoungGen      total 138240K, used 5088K [0x00000000eab00000, 0x00000000fab00000, 0x0000000100000000)
  eden space 133120K, 0% used [0x00000000eab00000,0x00000000eab00000,0x00000000f2d00000)
  from space 5120K, 99% used [0x00000000f2d00000,0x00000000f31f8368,0x00000000f3200000)
  to   space 45568K, 0% used [0x00000000f7e80000,0x00000000f7e80000,0x00000000fab00000)
 ParOldGen       total 116224K, used 52200K [0x00000000c0000000, 0x00000000c7180000, 0x00000000eab00000)
  object space 116224K, 44% used [0x00000000c0000000,0x00000000c32fa190,0x00000000c7180000)
 Metaspace       used 6044K, capacity 7088K, committed 7296K, reserved 1056768K
  class space    used 589K, capacity 616K, committed 640K, reserved 1048576K
}
Event: 27.266 GC heap before
{Heap before GC invocations=7 (full 1):
 PSYoungGen      total 138240K, used 138208K [0x00000000eab00000, 0x00000000fab00000, 0x0000000100000000)
  eden space 133120K, 100% used [0x00000000eab00000,0x00000000f2d00000,0x00000000f2d00000)
  from space 5120K, 99% used [0x00000000f2d00000,0x00000000f31f8368,0x00000000f3200000)
  to   space 45568K, 0% used [0x00000000f7e80000,0x00000000f7e80000,0x00000000fab00000)
 ParOldGen       total 116224K, used 52200K [0x00000000c0000000, 0x00000000c7180000, 0x00000000eab00000)
  object space 116224K, 44% used [0x00000000c0000000,0x00000000c32fa190,0x00000000c7180000)
 Metaspace       used 6094K, capacity 7152K, committed 7296K, reserved 1056768K
  class space    used 589K, capacity 616K, committed 640K, reserved 1048576K
Event: 27.564 GC heap after
Heap after GC invocations=7 (full 1):
 PSYoungGen      total 207360K, used 45545K [0x00000000eab00000, 0x00000000fc000000, 0x0000000100000000)
  eden space 161792K, 0% used [0x00000000eab00000,0x00000000eab00000,0x00000000f4900000)
  from space 45568K, 99% used [0x00000000f7e80000,0x00000000faafa420,0x00000000fab00000)
  to   space 54784K, 0% used [0x00000000f4900000,0x00000000f4900000,0x00000000f7e80000)
 ParOldGen       total 116224K, used 52792K [0x00000000c0000000, 0x00000000c7180000, 0x00000000eab00000)
  object space 116224K, 45% used [0x00000000c0000000,0x00000000c338e190,0x00000000c7180000)
 Metaspace       used 6094K, capacity 7152K, committed 7296K, reserved 1056768K
  class space    used 589K, capacity 616K, committed 640K, reserved 1048576K
}
Event: 28.622 GC heap before
{Heap before GC invocations=8 (full 1):
 PSYoungGen      total 207360K, used 207337K [0x00000000eab00000, 0x00000000fc000000, 0x0000000100000000)
  eden space 161792K, 100% used [0x00000000eab00000,0x00000000f4900000,0x00000000f4900000)
  from space 45568K, 99% used [0x00000000f7e80000,0x00000000faafa420,0x00000000fab00000)
  to   space 54784K, 0% used [0x00000000f4900000,0x00000000f4900000,0x00000000f7e80000)
 ParOldGen       total 116224K, used 52792K [0x00000000c0000000, 0x00000000c7180000, 0x00000000eab00000)
  object space 116224K, 45% used [0x00000000c0000000,0x00000000c338e190,0x00000000c7180000)
 Metaspace       used 6120K, capacity 7152K, committed 7296K, reserved 1056768K
  class space    used 590K, capacity 616K, committed 640K, reserved 1048576K
Event: 28.774 GC heap after
Heap after GC invocations=8 (full 1):
 PSYoungGen      total 216576K, used 54774K [0x00000000eab00000, 0x0000000100000000, 0x0000000100000000)
  eden space 161792K, 0% used [0x00000000eab00000,0x00000000eab00000,0x00000000f4900000)
  from space 54784K, 99% used [0x00000000f4900000,0x00000000f7e7da70,0x00000000f7e80000)
  to   space 71168K, 0% used [0x00000000fba80000,0x00000000fba80000,0x0000000100000000)
 ParOldGen       total 116224K, used 64544K [0x00000000c0000000, 0x00000000c7180000, 0x00000000eab00000)
  object space 116224K, 55% used [0x00000000c0000000,0x00000000c3f08288,0x00000000c7180000)
 Metaspace       used 6120K, capacity 7152K, committed 7296K, reserved 1056768K
  class space    used 590K, capacity 616K, committed 640K, reserved 1048576K
}
Event: 29.678 GC heap before
{Heap before GC invocations=9 (full 1):
 PSYoungGen      total 216576K, used 216566K [0x00000000eab00000, 0x0000000100000000, 0x0000000100000000)
  eden space 161792K, 100% used [0x00000000eab00000,0x00000000f4900000,0x00000000f4900000)
  from space 54784K, 99% used [0x00000000f4900000,0x00000000f7e7da70,0x00000000f7e80000)
  to   space 71168K, 0% used [0x00000000fba80000,0x00000000fba80000,0x0000000100000000)
 ParOldGen       total 116224K, used 64544K [0x00000000c0000000, 0x00000000c7180000, 0x00000000eab00000)
  object space 116224K, 55% used [0x00000000c0000000,0x00000000c3f08288,0x00000000c7180000)
 Metaspace       used 6222K, capacity 7216K, committed 7296K, reserved 1056768K
  class space    used 596K, capacity 616K, committed 640K, reserved 1048576K
Event: 29.829 GC heap after
Heap after GC invocations=9 (full 1):
 PSYoungGen      total 260608K, used 62133K [0x00000000eab00000, 0x0000000100000000, 0x0000000100000000)
  eden space 189440K, 0% used [0x00000000eab00000,0x00000000eab00000,0x00000000f6400000)
  from space 71168K, 87% used [0x00000000fba80000,0x00000000ff72d4f0,0x0000000100000000)
  to   space 79872K, 0% used [0x00000000f6400000,0x00000000f6400000,0x00000000fb200000)
 ParOldGen       total 116224K, used 64552K [0x00000000c0000000, 0x00000000c7180000, 0x00000000eab00000)
  object space 116224K, 55% used [0x00000000c0000000,0x00000000c3f0a288,0x00000000c7180000)
 Metaspace       used 6222K, capacity 7216K, committed 7296K, reserved 1056768K
  class space    used 596K, capacity 616K, committed 640K, reserved 1048576K
}

