# JRE version: Java(TM) SE Runtime Environment (8.0_77-b03) (build 1.8.0_77-b03)
# Java VM: Java HotSpot(TM) 64-Bit Server VM (25.77-b03 mixed mode windows-amd64 compressed oops)
Heap:
 PSYoungGen      total 88576K, used 12588K [0x00000000eab00000, 0x00000000fd980000, 0x0000000100000000)
  eden space 83456K, 15% used [0x00000000eab00000,0x00000000eb74b240,0x00000000efc80000)
  from space 5120K, 0% used [0x00000000f3200000,0x00000000f3200000,0x00000000f3700000)
  to   space 54784K, 0% used [0x00000000efc80000,0x00000000efc80000,0x00000000f3200000)
 ParOldGen       total 112128K, used 91386K [0x00000000c0000000, 0x00000000c6d80000, 0x00000000eab00000)
  object space 112128K, 81% used [0x00000000c0000000,0x00000000c593e958,0x00000000c6d80000)
 Metaspace       used 6162K, capacity 7152K, committed 7296K, reserved 1056768K
  class space    used 590K, capacity 616K, committed 640K, reserved 1048576K
GC Heap History (10 events):
Event: 10.196 GC heap before
{Heap before GC invocations=7 (full 1):
 PSYoungGen      total 138240K, used 138227K [0x00000000eab00000, 0x00000000f3700000, 0x0000000100000000)
  eden space 133120K, 100% used [0x00000000eab00000,0x00000000f2d00000,0x00000000f2d00000)
  from space 5120K, 99% used [0x00000000f2d00000,0x00000000f31fce70,0x00000000f3200000)
  to   space 5120K, 0% used [0x00000000f3200000,0x00000000f3200000,0x00000000f3700000)
 ParOldGen       total 112128K, used 64772K [0x00000000c0000000, 0x00000000c6d80000, 0x00000000eab00000)
  object space 112128K, 57% used [0x00000000c0000000,0x00000000c3f41178,0x00000000c6d80000)
 Metaspace       used 6131K, capacity 7152K, committed 7296K, reserved 1056768K
  class space    used 589K, capacity 616K, committed 640K, reserved 1048576K
Event: 10.254 GC heap after
Heap after GC invocations=7 (full 1):
 PSYoungGen      total 88576K, used 5095K [0x00000000eab00000, 0x00000000fd980000, 0x0000000100000000)
  eden space 83456K, 0% used [0x00000000eab00000,0x00000000eab00000,0x00000000efc80000)
  from space 5120K, 99% used [0x00000000f3200000,0x00000000f36f9c08,0x00000000f3700000)
  to   space 54784K, 0% used [0x00000000efc80000,0x00000000efc80000,0x00000000f3200000)
 ParOldGen       total 112128K, used 102112K [0x00000000c0000000, 0x00000000c6d80000, 0x00000000eab00000)
  object space 112128K, 91% used [0x00000000c0000000,0x00000000c63b8230,0x00000000c6d80000)
 Metaspace       used 6131K, capacity 7152K, committed 7296K, reserved 1056768K
  class space    used 589K, capacity 616K, committed 640K, reserved 1048576K
}
Event: 10.254 GC heap before
{Heap before GC invocations=8 (full 2):
 PSYoungGen      total 88576K, used 5095K [0x00000000eab00000, 0x00000000fd980000, 0x0000000100000000)
  eden space 83456K, 0% used [0x00000000eab00000,0x00000000eab00000,0x00000000efc80000)
  from space 5120K, 99% used [0x00000000f3200000,0x00000000f36f9c08,0x00000000f3700000)
  to   space 54784K, 0% used [0x00000000efc80000,0x00000000efc80000,0x00000000f3200000)
 ParOldGen       total 112128K, used 102112K [0x00000000c0000000, 0x00000000c6d80000, 0x00000000eab00000)
  object space 112128K, 91% used [0x00000000c0000000,0x00000000c63b8230,0x00000000c6d80000)
 Metaspace       used 6131K, capacity 7152K, committed 7296K, reserved 1056768K
  class space    used 589K, capacity 616K, committed 640K, reserved 1048576K
Event: 10.692 GC heap after
Heap after GC invocations=8 (full 2):
 PSYoungGen      total 88576K, used 0K [0x00000000eab00000, 0x00000000fd980000, 0x0000000100000000)
  eden space 83456K, 0% used [0x00000000eab00000,0x00000000eab00000,0x00000000efc80000)
  from space 5120K, 0% used [0x00000000f3200000,0x00000000f3200000,0x00000000f3700000)
  to   space 54784K, 0% used [0x00000000efc80000,0x00000000efc80000,0x00000000f3200000)
 ParOldGen       total 112128K, used 64339K [0x00000000c0000000, 0x00000000c6d80000, 0x00000000eab00000)
  object space 112128K, 57% used [0x00000000c0000000,0x00000000c3ed4d18,0x00000000c6d80000)
 Metaspace       used 6131K, capacity 7152K, committed 7296K, reserved 1056768K
  class space    used 589K, capacity 616K, committed 640K, reserved 1048576K
}
Event: 11.146 GC heap before
{Heap before GC invocations=9 (full 3):
 PSYoungGen      total 88576K, used 83456K [0x00000000eab00000, 0x00000000fd980000, 0x0000000100000000)
  eden space 83456K, 100% used [0x00000000eab00000,0x00000000efc80000,0x00000000efc80000)
  from space 5120K, 0% used [0x00000000f3200000,0x00000000f3200000,0x00000000f3700000)
  to   space 54784K, 0% used [0x00000000efc80000,0x00000000efc80000,0x00000000f3200000)
 ParOldGen       total 112128K, used 64339K [0x00000000c0000000, 0x00000000c6d80000, 0x00000000eab00000)
  object space 112128K, 57% used [0x00000000c0000000,0x00000000c3ed4d18,0x00000000c6d80000)
 Metaspace       used 6137K, capacity 7152K, committed 7296K, reserved 1056768K
  class space    used 589K, capacity 616K, committed 640K, reserved 1048576K
Event: 12.392 GC heap after
Heap after GC invocations=9 (full 3):
 PSYoungGen      total 88576K, used 0K [0x00000000eab00000, 0x00000000fd980000, 0x0000000100000000)
  eden space 83456K, 0% used [0x00000000eab00000,0x00000000eab00000,0x00000000efc80000)
  from space 5120K, 0% used [0x00000000f3200000,0x00000000f3200000,0x00000000f3700000)
  to   space 54784K, 0% used [0x00000000efc80000,0x00000000efc80000,0x00000000f3200000)
 ParOldGen       total 112128K, used 68825K [0x00000000c0000000, 0x00000000c6d80000, 0x00000000eab00000)
  object space 112128K, 61% used [0x00000000c0000000,0x00000000c4336410,0x00000000c6d80000)
 Metaspace       used 6137K, capacity 7152K, committed 7296K, reserved 1056768K
  class space    used 589K, capacity 616K, committed 640K, reserved 1048576K
}
Event: 12.968 GC heap before
{Heap before GC invocations=10 (full 4):
 PSYoungGen      total 88576K, used 83456K [0x00000000eab00000, 0x00000000fd980000, 0x0000000100000000)
  eden space 83456K, 100% used [0x00000000eab00000,0x00000000efc80000,0x00000000efc80000)
  from space 5120K, 0% used [0x00000000f3200000,0x00000000f3200000,0x00000000f3700000)
  to   space 54784K, 0% used [0x00000000efc80000,0x00000000efc80000,0x00000000f3200000)
 ParOldGen       total 112128K, used 68825K [0x00000000c0000000, 0x00000000c6d80000, 0x00000000eab00000)
  object space 112128K, 61% used [0x00000000c0000000,0x00000000c4336410,0x00000000c6d80000)
 Metaspace       used 6154K, capacity 7152K, committed 7296K, reserved 1056768K
  class space    used 590K, capacity 616K, committed 640K, reserved 1048576K
Event: 13.439 GC heap after
Heap after GC invocations=10 (full 4):
 PSYoungGen      total 88576K, used 0K [0x00000000eab00000, 0x00000000fd980000, 0x0000000100000000)
  eden space 83456K, 0% used [0x00000000eab00000,0x00000000eab00000,0x00000000efc80000)
  from space 5120K, 0% used [0x00000000f3200000,0x00000000f3200000,0x00000000f3700000)
  to   space 54784K, 0% used [0x00000000efc80000,0x00000000efc80000,0x00000000f3200000)
 ParOldGen       total 112128K, used 85194K [0x00000000c0000000, 0x00000000c6d80000, 0x00000000eab00000)
  object space 112128K, 75% used [0x00000000c0000000,0x00000000c5332a60,0x00000000c6d80000)
 Metaspace       used 6154K, capacity 7152K, committed 7296K, reserved 1056768K
  class space    used 590K, capacity 616K, committed 640K, reserved 1048576K
}
Event: 13.923 GC heap before
{Heap before GC invocations=11 (full 5):
 PSYoungGen      total 88576K, used 83456K [0x00000000eab00000, 0x00000000fd980000, 0x0000000100000000)
  eden space 83456K, 100% used [0x00000000eab00000,0x00000000efc80000,0x00000000efc80000)
  from space 5120K, 0% used [0x00000000f3200000,0x00000000f3200000,0x00000000f3700000)
  to   space 54784K, 0% used [0x00000000efc80000,0x00000000efc80000,0x00000000f3200000)
 ParOldGen       total 112128K, used 85194K [0x00000000c0000000, 0x00000000c6d80000, 0x00000000eab00000)
  object space 112128K, 75% used [0x00000000c0000000,0x00000000c5332a60,0x00000000c6d80000)
 Metaspace       used 6161K, capacity 7152K, committed 7296K, reserved 1056768K
  class space    used 590K, capacity 616K, committed 640K, reserved 1048576K
Event: 15.203 GC heap after
Heap after GC invocations=11 (full 5):
 PSYoungGen      total 88576K, used 0K [0x00000000eab00000, 0x00000000fd980000, 0x0000000100000000)
  eden space 83456K, 0% used [0x00000000eab00000,0x00000000eab00000,0x00000000efc80000)
  from space 5120K, 0% used [0x00000000f3200000,0x00000000f3200000,0x00000000f3700000)
  to   space 54784K, 0% used [0x00000000efc80000,0x00000000efc80000,0x00000000f3200000)
 ParOldGen       total 112128K, used 91386K [0x00000000c0000000, 0x00000000c6d80000, 0x00000000eab00000)
  object space 112128K, 81% used [0x00000000c0000000,0x00000000c593e958,0x00000000c6d80000)
 Metaspace       used 6161K, capacity 7152K, committed 7296K, reserved 1056768K
  class space    used 590K, capacity 616K, committed 640K, reserved 1048576K
}

